<?xml version="1.0" encoding="utf-8"?><testsuites name="pytest tests"><testsuite name="pytest" errors="0" failures="0" skipped="0" tests="17" time="4.781" timestamp="2026-02-23T21:42:18.010367+00:00" hostname="agent-env-1f3bb180-006d-4ed0-97be-241c88184784"><testcase classname="backend.tests.test_bug_fixes.TestAPIHealth" name="test_api_root" time="0.289" /><testcase classname="backend.tests.test_bug_fixes.TestGenerateFactsForDrivers" name="test_generate_driver_facts" time="0.243" /><testcase classname="backend.tests.test_bug_fixes.TestGenerateFactsForConstructors" name="test_generate_constructor_facts_ferrari" time="0.222" /><testcase classname="backend.tests.test_bug_fixes.TestGenerateFactsForConstructors" name="test_generate_constructor_facts_mercedes" time="0.171" /><testcase classname="backend.tests.test_bug_fixes.TestGenerateFactsForCircuits" name="test_generate_circuit_facts_silverstone" time="0.420" /><testcase classname="backend.tests.test_bug_fixes.TestGenerateFactsForCircuits" name="test_generate_circuit_facts_monaco" time="0.140" /><testcase classname="backend.tests.test_bug_fixes.TestSeasonProfile" name="test_season_profile_2023" time="0.249" /><testcase classname="backend.tests.test_bug_fixes.TestSeasonProfile" name="test_season_profile_2024" time="0.194" /><testcase classname="backend.tests.test_bug_fixes.TestSeasonProfile" name="test_season_profile_historic" time="0.203" /><testcase classname="backend.tests.test_bug_fixes.TestDriversSearch" name="test_drivers_search_hamilton" time="0.131" /><testcase classname="backend.tests.test_bug_fixes.TestDriversSearch" name="test_drivers_search_verstappen" time="0.129" /><testcase classname="backend.tests.test_bug_fixes.TestConstructorsSearch" name="test_constructors_search_ferrari" time="0.128" /><testcase classname="backend.tests.test_bug_fixes.TestConstructorsSearch" name="test_constructors_search_mercedes" time="0.145" /><testcase classname="backend.tests.test_bug_fixes.TestFilteredStats" name="test_stats_overview_no_filter" time="0.178" /><testcase classname="backend.tests.test_bug_fixes.TestFilteredStats" name="test_stats_overview_with_constructor_filter" time="0.458" /><testcase classname="backend.tests.test_bug_fixes.TestRivalryComparison" name="test_rivalry_hamilton_vs_verstappen" time="0.651" /><testcase classname="backend.tests.test_bug_fixes.TestRivalryComparison" name="test_rivalry_with_circuit_breakdown" time="0.584" /></testsuite></testsuites>